SF:lib/data/models/film_model.g.dart
DA:9,28
DA:10,14
DA:11,14
DA:12,14
DA:13,28
DA:14,14
DA:15,14
DA:18,2
DA:19,1
DA:20,1
DA:21,1
DA:22,1
DA:23,1
DA:24,1
LF:14
LH:14
end_of_record
SF:lib/data/models/film_model.dart
DA:15,14
DA:24,14
DA:25,14
DA:27,2
LF:4
LH:4
end_of_record
SF:lib/mapper/film_mapper.dart
DA:7,6
DA:8,5
DA:9,6
DA:10,3
DA:11,3
DA:12,3
DA:15,4
DA:16,2
DA:17,2
DA:18,2
DA:19,2
DA:20,2
DA:21,2
LF:13
LH:13
end_of_record
SF:lib/utils/enum.dart
DA:4,16
DA:10,3
DA:13,3
DA:15,2
DA:20,2
DA:22,2
DA:24,2
DA:29,6
DA:30,6
LF:9
LH:9
end_of_record
SF:lib/utils/constants.dart
DA:2,0
DA:9,15
DA:14,4
DA:15,4
DA:16,4
DA:18,2
DA:21,2
DA:23,2
DA:25,2
DA:34,0
LF:10
LH:8
end_of_record
SF:lib/data/repositories/film_repository_impl.dart
DA:16,2
DA:20,0
DA:24,0
DA:26,0
DA:31,2
DA:32,6
DA:34,2
DA:35,8
DA:36,2
DA:37,2
DA:38,4
DA:49,2
DA:50,6
DA:53,2
DA:54,6
DA:56,2
DA:57,4
DA:58,10
DA:60,2
DA:61,2
DA:62,4
DA:73,2
DA:74,6
DA:76,2
DA:77,4
DA:78,10
DA:80,2
DA:81,2
DA:82,4
DA:93,2
DA:95,6
DA:97,2
DA:98,4
DA:99,10
DA:101,2
DA:102,2
DA:103,4
DA:114,2
DA:115,6
DA:117,2
DA:118,4
DA:119,10
DA:121,2
DA:122,2
DA:123,4
DA:134,2
DA:135,6
DA:137,2
DA:138,4
DA:139,10
DA:141,2
DA:142,2
DA:143,10
DA:154,2
DA:158,6
DA:162,2
DA:166,6
DA:168,2
DA:169,4
DA:170,10
DA:172,2
DA:173,2
DA:174,4
LF:63
LH:60
end_of_record
SF:lib/data/repositories/src/film_local_datasource.dart
DA:13,2
DA:15,2
DA:18,4
DA:19,4
DA:20,2
DA:21,4
DA:22,6
DA:23,4
DA:24,4
DA:25,4
DA:26,4
DA:30,2
DA:38,2
DA:40,8
DA:42,2
DA:50,2
DA:54,4
DA:55,2
DA:56,10
DA:57,2
DA:58,4
DA:59,2
DA:60,2
DA:61,2
DA:62,2
DA:63,2
DA:64,2
DA:67,2
DA:68,2
DA:70,2
DA:77,2
DA:79,6
DA:82,2
LF:33
LH:33
end_of_record
SF:lib/data/repositories/src/film_remote_datasource.dart
DA:10,2
DA:12,2
DA:16,2
DA:17,6
DA:19,6
DA:21,4
DA:22,6
DA:23,2
DA:25,2
DA:26,2
DA:27,2
DA:28,2
DA:29,2
DA:30,2
DA:35,2
DA:37,10
DA:39,4
DA:40,6
DA:41,2
DA:43,2
DA:44,2
DA:45,2
DA:46,2
DA:47,2
DA:48,2
DA:53,2
DA:58,6
DA:59,4
DA:62,4
DA:63,6
DA:64,2
DA:66,2
DA:67,2
DA:68,2
DA:69,2
DA:70,2
DA:71,2
DA:76,2
DA:78,10
DA:80,4
DA:81,6
DA:82,2
DA:84,2
DA:85,2
DA:86,2
DA:87,2
DA:88,2
DA:89,2
DA:94,2
DA:98,10
DA:100,4
DA:101,6
DA:102,2
DA:104,2
DA:105,2
DA:106,2
DA:107,2
DA:108,2
DA:109,2
DA:114,2
DA:116,10
DA:118,2
DA:119,2
DA:121,2
DA:122,2
DA:123,2
DA:124,2
DA:125,2
DA:126,2
LF:69
LH:69
end_of_record
SF:lib/domain/db/film_db_entity.g.dart
DA:13,0
DA:15,0
DA:16,0
DA:17,0
DA:19,0
DA:20,0
DA:21,0
DA:22,0
DA:23,0
DA:24,0
DA:25,0
DA:28,0
DA:31,0
DA:32,0
DA:33,0
DA:34,0
DA:35,0
DA:36,0
DA:37,0
DA:38,0
DA:39,0
DA:40,0
DA:41,0
DA:42,0
DA:43,0
DA:46,0
DA:47,0
DA:49,0
DA:52,0
DA:53,0
DA:54,0
LF:31
LH:0
end_of_record
SF:lib/domain/usecases/add_film_to_watchlist_use_case.dart
DA:11,2
DA:13,2
DA:14,6
LF:3
LH:3
end_of_record
SF:lib/domain/usecases/get_detail_film_use_case.dart
DA:11,2
DA:13,2
DA:14,6
LF:3
LH:3
end_of_record
SF:lib/domain/usecases/get_has_exist_in_watchlist_use_case.dart
DA:10,2
DA:12,2
DA:13,6
LF:3
LH:3
end_of_record
SF:lib/domain/usecases/get_now_playing_film_use_case.dart
DA:11,2
DA:13,2
DA:14,6
LF:3
LH:3
end_of_record
SF:lib/domain/usecases/get_popular_films_use_case.dart
DA:11,2
DA:13,2
DA:14,6
LF:3
LH:3
end_of_record
SF:lib/domain/usecases/get_recommendation_films_use_case.dart
DA:11,2
DA:13,2
DA:14,6
LF:3
LH:3
end_of_record
SF:lib/domain/usecases/get_top_rated_films_use_case.dart
DA:11,2
DA:13,2
DA:14,6
LF:3
LH:3
end_of_record
SF:lib/domain/usecases/get_watchlist_films_use_case.dart
DA:11,2
DA:13,2
DA:14,6
LF:3
LH:3
end_of_record
SF:lib/domain/usecases/remove_film_from_watchlist_use_case.dart
DA:10,2
DA:12,2
DA:13,6
LF:3
LH:3
end_of_record
SF:lib/domain/usecases/search_films_use_case.dart
DA:11,2
DA:13,2
DA:14,6
LF:3
LH:3
end_of_record
SF:lib/utils/http_config.dart
DA:9,2
DA:15,4
DA:17,2
DA:19,6
DA:20,2
DA:21,4
DA:22,2
LF:7
LH:7
end_of_record
